2016-05-26 11:05:56,090:DEBUG:140703129097984:something
2016-05-26 11:05:59,246:WARNING:140703129097984:something
2016-05-26 11:06:01,977:ERROR:140703129097984:something
2016-05-26 11:06:05,076:CRITICAL:140703129097984:something
2016-05-26 11:17:36,873:DEBUG:139693541877504:Starting main server
2016-05-26 11:17:36,873:DEBUG:139693541877504:bound to port
2016-05-26 11:18:05,923:DEBUG:139693541877504:accepted socket on 127.0.0.1:51554
2016-05-26 11:18:05,924:DEBUG:139693541877504:Starting instance
2016-05-26 11:18:09,961:DEBUG:139693510027008:b'aaaa\r\n'
2016-05-26 11:18:11,565:DEBUG:139693510027008:b'sff\r\n'
2016-05-26 11:18:12,519:DEBUG:139693510027008:b'ff\r\n'
2016-05-26 11:18:13,712:DEBUG:139693510027008:b'asfa\r\n'
2016-05-26 11:18:15,736:DEBUG:139693510027008:b'quit\r\n'
2016-05-26 11:18:22,284:DEBUG:139693541877504:Closing up shop
2016-05-26 11:24:12,283:DEBUG:MainThread:Starting main server
2016-05-26 11:24:12,284:DEBUG:MainThread:bound to port
2016-05-26 11:24:22,847:DEBUG:MainThread:accepted socket on 127.0.0.1:51564
2016-05-26 11:24:22,847:DEBUG:MainThread:Starting instance
2016-05-26 11:24:24,425:DEBUG:Thread-2:b"'2dl\r\n"
2016-05-26 11:24:25,179:DEBUG:Thread-2:b'\tqdqwd\r\n'
2016-05-26 11:24:27,256:DEBUG:Thread-2:b'quit\r\n'
2016-05-26 11:24:52,606:DEBUG:MainThread:Closing up shop
2016-05-26 11:27:21,764:  DEBUG:MainThread:Starting main server
2016-05-26 11:27:21,764:  DEBUG:MainThread:bound to port
2016-05-26 11:27:27,758:  DEBUG:MainThread:accepted socket on 127.0.0.1:51566
2016-05-26 11:27:27,758:  DEBUG:MainThread:Starting instance
2016-05-26 11:27:28,942:  DEBUG:Thread-2:b'\twqdjlqwk\r\n'
2016-05-26 11:27:29,832:  DEBUG:Thread-2:b'\tlkdh\r\n'
2016-05-26 11:27:30,749:  DEBUG:Thread-2:b'\tlkqdh\r\n'
2016-05-26 11:27:34,311:  DEBUG:Thread-2:b'quit\r\n'
